This is pdfTeX, Version 3.1415926-2.3-1.40.12 (MiKTeX 2.9) (preloaded format=pdflatex 2012.4.21)  26 MAY 2012 10:41
entering extended mode
**Eindwerk*handbrake*-*Patrick*Delgado.tex

("D:\School Stuff\Lessen\TIN 2011-2012\Linux - Unix\Eindwerk\Eindwerk Linux (Ha
ndbrake)\Eindwerk handbrake - Patrick Delgado.tex"
LaTeX2e <2011/06/27>
Babel <v3.8m> and hyphenation patterns for english, afrikaans, ancientgreek, ar
abic, armenian, assamese, basque, bengali, bokmal, bulgarian, catalan, coptic, 
croatian, czech, danish, dutch, esperanto, estonian, farsi, finnish, french, ga
lician, german, german-x-2009-06-19, greek, gujarati, hindi, hungarian, iceland
ic, indonesian, interlingua, irish, italian, kannada, kurmanji, lao, latin, lat
vian, lithuanian, malayalam, marathi, mongolian, mongolianlmc, monogreek, ngerm
an, ngerman-x-2009-06-19, nynorsk, oriya, panjabi, pinyin, polish, portuguese, 
romanian, russian, sanskrit, serbian, slovak, slovenian, spanish, swedish, swis
sgerman, tamil, telugu, turkish, turkmen, ukenglish, ukrainian, uppersorbian, u
senglishmax, welsh, loaded.
("C:\Program Files (x86)\MiKTeX 2.9\tex\latex\base\article.cls"
Document Class: article 2007/10/19 v1.4h Standard LaTeX document class
("C:\Program Files (x86)\MiKTeX 2.9\tex\latex\base\size12.clo"
File: size12.clo 2007/10/19 v1.4h Standard LaTeX file (size option)
)
\c@part=\count79
\c@section=\count80
\c@subsection=\count81
\c@subsubsection=\count82
\c@paragraph=\count83
\c@subparagraph=\count84
\c@figure=\count85
\c@table=\count86
\abovecaptionskip=\skip41
\belowcaptionskip=\skip42
\bibindent=\dimen102
)
("C:\Program Files (x86)\MiKTeX 2.9\tex\latex\geometry\geometry.sty"
Package: geometry 2010/09/12 v5.6 Page Geometry

("C:\Program Files (x86)\MiKTeX 2.9\tex\latex\graphics\keyval.sty"
Package: keyval 1999/03/16 v1.13 key=value parser (DPC)
\KV@toks@=\toks14
)
("C:\Program Files (x86)\MiKTeX 2.9\tex\generic\oberdiek\ifpdf.sty"
Package: ifpdf 2011/01/30 v2.3 Provides the ifpdf switch (HO)
Package ifpdf Info: pdfTeX in PDF mode is detected.
)
("C:\Program Files (x86)\MiKTeX 2.9\tex\generic\oberdiek\ifvtex.sty"
Package: ifvtex 2010/03/01 v1.5 Switches for detecting VTeX and its modes (HO)
Package ifvtex Info: VTeX not detected.
)
("C:\Program Files (x86)\MiKTeX 2.9\tex\generic\ifxetex\ifxetex.sty"
Package: ifxetex 2010/09/12 v0.6 Provides ifxetex conditional
)
\Gm@cnth=\count87
\Gm@cntv=\count88
\c@Gm@tempcnt=\count89
\Gm@bindingoffset=\dimen103
\Gm@wd@mp=\dimen104
\Gm@odd@mp=\dimen105
\Gm@even@mp=\dimen106
\Gm@layoutwidth=\dimen107
\Gm@layoutheight=\dimen108
\Gm@layouthoffset=\dimen109
\Gm@layoutvoffset=\dimen110
\Gm@dimlist=\toks15

("C:\Program Files (x86)\MiKTeX 2.9\tex\latex\geometry\geometry.cfg"))
("C:\Program Files (x86)\MiKTeX 2.9\tex\latex\graphics\graphicx.sty"
Package: graphicx 1999/02/16 v1.0f Enhanced LaTeX Graphics (DPC,SPQR)

("C:\Program Files (x86)\MiKTeX 2.9\tex\latex\graphics\graphics.sty"
Package: graphics 2009/02/05 v1.0o Standard LaTeX Graphics (DPC,SPQR)

("C:\Program Files (x86)\MiKTeX 2.9\tex\latex\graphics\trig.sty"
Package: trig 1999/03/16 v1.09 sin cos tan (DPC)
)
("C:\Program Files (x86)\MiKTeX 2.9\tex\latex\00miktex\graphics.cfg"
File: graphics.cfg 2007/01/18 v1.5 graphics configuration of teTeX/TeXLive
)
Package graphics Info: Driver file: pdftex.def on input line 91.

("C:\Program Files (x86)\MiKTeX 2.9\tex\latex\pdftex-def\pdftex.def"
File: pdftex.def 2011/05/27 v0.06d Graphics/color for pdfTeX

("C:\Program Files (x86)\MiKTeX 2.9\tex\generic\oberdiek\infwarerr.sty"
Package: infwarerr 2010/04/08 v1.3 Providing info/warning/message (HO)
)
("C:\Program Files (x86)\MiKTeX 2.9\tex\generic\oberdiek\ltxcmds.sty"
Package: ltxcmds 2011/04/18 v1.20 LaTeX kernel commands for general use (HO)
)
\Gread@gobject=\count90
))
\Gin@req@height=\dimen111
\Gin@req@width=\dimen112
)
("C:\Program Files (x86)\MiKTeX 2.9\tex\latex\fancyhdr\fancyhdr.sty"
\fancy@headwidth=\skip43
\f@ncyO@elh=\skip44
\f@ncyO@erh=\skip45
\f@ncyO@olh=\skip46
\f@ncyO@orh=\skip47
\f@ncyO@elf=\skip48
\f@ncyO@erf=\skip49
\f@ncyO@olf=\skip50
\f@ncyO@orf=\skip51
)
("C:\Program Files (x86)\MiKTeX 2.9\tex\latex\lastpage\lastpage.sty"
Package: lastpage 2011/09/01 v1.2k Refers to last page's name (HMM; JPG)
)
("C:\Program Files (x86)\MiKTeX 2.9\tex\latex\sectionbox\sectionbox.sty"
Package: sectionbox 2005/10/13, v1.01 section boxes for posters (MHFW)

("C:\Program Files (x86)\MiKTeX 2.9\tex\latex\base\ifthen.sty"
Package: ifthen 2001/05/26 v1.1c Standard LaTeX ifthen package (DPC)
)
("C:\Program Files (x86)\MiKTeX 2.9\tex\latex\tools\calc.sty"
Package: calc 2007/08/22 v4.3 Infix arithmetic (KKT,FJ)
\calc@Acount=\count91
\calc@Bcount=\count92
\calc@Adimen=\dimen113
\calc@Bdimen=\dimen114
\calc@Askip=\skip52
\calc@Bskip=\skip53
LaTeX Info: Redefining \setlength on input line 76.
LaTeX Info: Redefining \addtolength on input line 77.
\calc@Ccount=\count93
\calc@Cskip=\skip54
)
("C:\Program Files (x86)\MiKTeX 2.9\tex\latex\fancybox\fancybox.sty"
Package: fancybox 2010/05/15 1.4

Style option: `fancybox' v1.4 <2010/05/15> (tvz)
\@fancybox=\box26
\shadowsize=\dimen115
\@Sbox=\box27
\do@VerbBox=\toks16
\the@fancyput=\toks17
\this@fancyput=\toks18
\EndVerbatimTokens=\toks19
\Verbatim@Outfile=\write3
\Verbatim@Infile=\read1
) ("C:\Program Files (x86)\MiKTeX 2.9\tex\latex\graphics\color.sty"
Package: color 2005/11/14 v1.0j Standard LaTeX Color (DPC)

("C:\Program Files (x86)\MiKTeX 2.9\tex\latex\00miktex\color.cfg"
File: color.cfg 2007/01/18 v1.5 color configuration of teTeX/TeXLive
)
Package color Info: Driver file: pdftex.def on input line 130.
)
\sectboxskip=\skip55
\subsectboxskip=\skip56
\subsubsectboxskip=\skip57
\subsectmargin=\skip58
\subsubsectmargin=\skip59
\sectsavebox=\box28
\subsectsavebox=\box29
\subsubsectsavebox=\box30
\colboxsep=\skip60
)
("C:\Program Files (x86)\MiKTeX 2.9\tex\generic\babel\babel.sty"
Package: babel 2008/07/08 v3.8m The Babel package

*************************************
* Local config file bblopts.cfg used
*
("C:\Program Files (x86)\MiKTeX 2.9\tex\latex\00miktex\bblopts.cfg"
File: bblopts.cfg 2006/07/31 v1.0 MiKTeX 'babel' configuration
)
("C:\Program Files (x86)\MiKTeX 2.9\tex\generic\babel\dutch.ldf"
Language: dutch 2005/03/30 v3.8i Dutch support from the babel system

("C:\Program Files (x86)\MiKTeX 2.9\tex\generic\babel\babel.def"
File: babel.def 2008/07/08 v3.8m Babel common definitions
\babel@savecnt=\count94
\U@D=\dimen116
)
Package babel Info: Making " an active character on input line 132.
))
("C:\Program Files (x86)\MiKTeX 2.9\tex\latex\chngcntr\chngcntr.sty"
Package: chngcntr 2009/09/02 v1.0a change counter resetting
)
("C:\Program Files (x86)\MiKTeX 2.9\tex\latex\cite\cite.sty"
LaTeX Info: Redefining \cite on input line 302.
LaTeX Info: Redefining \nocite on input line 373.
Package: cite 2010/09/10  v 5.3
)
("C:\Program Files (x86)\MiKTeX 2.9\tex\latex\ltxmisc\url.sty"
\Urlmuskip=\muskip10
Package: url 2006/04/12  ver 3.3  Verb mode for urls, etc.
)
("C:\Program Files (x86)\MiKTeX 2.9\tex\latex\base\makeidx.sty"
Package: makeidx 2000/03/29 v1.0m Standard LaTeX package
)
\@indexfile=\write4

Writing index file Eindwerk*handbrake*-*Patrick*Delgado.idx

("D:\School Stuff\Lessen\TIN 2011-2012\Linux - Unix\Eindwerk\Eindwerk Linux (Ha
ndbrake)\Eindwerk handbrake - Patrick Delgado.aux")
LaTeX Font Info:    Checking defaults for OML/cmm/m/it on input line 39.
LaTeX Font Info:    ... okay on input line 39.
LaTeX Font Info:    Checking defaults for T1/cmr/m/n on input line 39.
LaTeX Font Info:    ... okay on input line 39.
LaTeX Font Info:    Checking defaults for OT1/cmr/m/n on input line 39.
LaTeX Font Info:    ... okay on input line 39.
LaTeX Font Info:    Checking defaults for OMS/cmsy/m/n on input line 39.
LaTeX Font Info:    ... okay on input line 39.
LaTeX Font Info:    Checking defaults for OMX/cmex/m/n on input line 39.
LaTeX Font Info:    ... okay on input line 39.
LaTeX Font Info:    Checking defaults for U/cmr/m/n on input line 39.
LaTeX Font Info:    ... okay on input line 39.

*geometry* driver: auto-detecting
*geometry* detected driver: pdftex
*geometry* verbose mode - [ preamble ] result:
* driver: pdftex
* paper: <default>
* layout: <same size as paper>
* layoutoffset:(h,v)=(0.0pt,0.0pt)
* modes: 
* h-part:(L,W,R)=(72.26999pt, 469.75502pt, 72.26999pt)
* v-part:(T,H,B)=(72.26999pt, 650.43001pt, 72.26999pt)
* \paperwidth=614.295pt
* \paperheight=794.96999pt
* \textwidth=469.75502pt
* \textheight=650.43001pt
* \oddsidemargin=0.0pt
* \evensidemargin=0.0pt
* \topmargin=-37.0pt
* \headheight=15.0pt
* \headsep=25.0pt
* \topskip=12.0pt
* \footskip=30.0pt
* \marginparwidth=44.0pt
* \marginparsep=10.0pt
* \columnsep=10.0pt
* \skip\footins=10.8pt plus 4.0pt minus 2.0pt
* \hoffset=0.0pt
* \voffset=0.0pt
* \mag=1000
* \@twocolumnfalse
* \@twosidefalse
* \@mparswitchfalse
* \@reversemarginfalse
* (1in=72.27pt=25.4mm, 1cm=28.453pt)

("C:\Program Files (x86)\MiKTeX 2.9\tex\context\base\supp-pdf.mkii"
[Loading MPS to PDF converter (version 2006.09.02).]
\scratchcounter=\count95
\scratchdimen=\dimen117
\scratchbox=\box31
\nofMPsegments=\count96
\nofMParguments=\count97
\everyMPshowfont=\toks20
\MPscratchCnt=\count98
\MPscratchDim=\dimen118
\MPnumerator=\count99
\makeMPintoPDFobject=\count100
\everyMPtoPDFconversion=\toks21
)
Package lastpage Info: Please have a look at the pageslts package at
(lastpage)             http://www.ctan.org/tex-archive/ 
(lastpage)             macros/latex/contrib/pageslts/ 
(lastpage)             or
(lastpage)             http://www.ctan.org/tex-archive/ 
(lastpage)             install/macros/latex/contrib/pageslts.tds.zip
(lastpage)             ! on input line 39.
 <./Afbeeldingen/linux-logo.jpg, id=1, 321.2pt x 136.51pt>
File: ./Afbeeldingen/linux-logo.jpg Graphic file (type jpg)

<use ./Afbeeldingen/linux-logo.jpg>
Package pdftex.def Info: ./Afbeeldingen/linux-logo.jpg used on input line 43.
(pdftex.def)             Requested size: 117.43875pt x 49.91008pt.

<./Afbeeldingen/phl-logo.jpg, id=2, 396.48125pt x 353.32pt>
File: ./Afbeeldingen/phl-logo.jpg Graphic file (type jpg)

<use ./Afbeeldingen/phl-logo.jpg>
Package pdftex.def Info: ./Afbeeldingen/phl-logo.jpg used on input line 46.
(pdftex.def)             Requested size: 164.41711pt x 146.52263pt.

<./Afbeeldingen/Handbrake-logo.png, id=3, 128.48pt x 128.48pt>
File: ./Afbeeldingen/Handbrake-logo.png Graphic file (type png)

<use ./Afbeeldingen/Handbrake-logo.png>
Package pdftex.def Info: ./Afbeeldingen/Handbrake-logo.png used on input line 5
2.
(pdftex.def)             Requested size: 46.97836pt x 46.97812pt.
File: ./Afbeeldingen/Handbrake-logo.png Graphic file (type png)

<use ./Afbeeldingen/Handbrake-logo.png>
Package pdftex.def Info: ./Afbeeldingen/Handbrake-logo.png used on input line 5
2.
(pdftex.def)             Requested size: 46.97836pt x 46.97812pt.
 [1

{C:/ProgramData/MiKTeX/2.9/pdftex/config/pdftex.map} <D:/School Stuff/Lessen/TI
N 2011-2012/Linux - Unix/Eindwerk/Eindwerk Linux (Handbrake)/Afbeeldingen/linux
-logo.jpg> <D:/School Stuff/Lessen/TIN 2011-2012/Linux - Unix/Eindwerk/Eindwerk
 Linux (Handbrake)/Afbeeldingen/phl-logo.jpg> <D:/School Stuff/Lessen/TIN 2011-
2012/Linux - Unix/Eindwerk/Eindwerk Linux (Handbrake)/Afbeeldingen/Handbrake-lo
go.png>]
("D:\School Stuff\Lessen\TIN 2011-2012\Linux - Unix\Eindwerk\Eindwerk Linux (Ha
ndbrake)\Eindwerk handbrake - Patrick Delgado.toc"
LaTeX Font Info:    External font `cmex10' loaded for size
(Font)              <12> on input line 4.
LaTeX Font Info:    External font `cmex10' loaded for size
(Font)              <8> on input line 4.
LaTeX Font Info:    External font `cmex10' loaded for size
(Font)              <6> on input line 4.
)
\tf@toc=\write5
 [1]
("D:\School Stuff\Lessen\TIN 2011-2012\Linux - Unix\Eindwerk\Eindwerk Linux (Ha
ndbrake)\Eindwerk handbrake - Patrick Delgado.lof")
\tf@lof=\write6
 [2]
("D:\School Stuff\Lessen\TIN 2011-2012\Linux - Unix\Eindwerk\Eindwerk Linux (Ha
ndbrake)\Eindwerk handbrake - Patrick Delgado.lot")
\tf@lot=\write7
 [3]
("D:\School Stuff\Lessen\TIN 2011-2012\Linux - Unix\Eindwerk\Eindwerk Linux (Ha
ndbrake)\Hoofdstukken\hfdst1.tex"
Overfull \hbox (2.57767pt too wide) in paragraph at lines 3--4
[] 
 []


Underfull \hbox (badness 10000) in paragraph at lines 5--7

 []

)
("D:\School Stuff\Lessen\TIN 2011-2012\Linux - Unix\Eindwerk\Eindwerk Linux (Ha
ndbrake)\Hoofdstukken\hfdst2.tex"
Overfull \hbox (2.57767pt too wide) in paragraph at lines 3--5
[] 
 []


Underfull \hbox (badness 10000) in paragraph at lines 3--5

 []


Underfull \hbox (badness 10000) in paragraph at lines 11--12

 []

[4]
Underfull \hbox (badness 10000) in paragraph at lines 17--18

 []


Underfull \hbox (badness 10000) in paragraph at lines 22--23

 []

<./Afbeeldingen/linux1.png, id=27, 602.25pt x 405.76593pt>
File: ./Afbeeldingen/linux1.png Graphic file (type png)

<use ./Afbeeldingen/linux1.png>
Package pdftex.def Info: ./Afbeeldingen/linux1.png used on input line 28.
(pdftex.def)             Requested size: 234.8775pt x 158.24808pt.
 [5 <D:/School Stuff/Lessen/TIN 2011-2012/Linux - Unix/Eindwerk/Eindwerk Linux 
(Handbrake)/Afbeeldingen/linux1.png>]
<./Afbeeldingen/win1.png, id=31, 761.84625pt x 462.97969pt>
File: ./Afbeeldingen/win1.png Graphic file (type png)

<use ./Afbeeldingen/win1.png>
Package pdftex.def Info: ./Afbeeldingen/win1.png used on input line 35.
(pdftex.def)             Requested size: 352.31625pt x 214.10355pt.

<./Afbeeldingen/mac1.png, id=32, 572.1375pt x 472.01344pt>
File: ./Afbeeldingen/mac1.png Graphic file (type png)

<use ./Afbeeldingen/mac1.png>
Package pdftex.def Info: ./Afbeeldingen/mac1.png used on input line 41.
(pdftex.def)             Requested size: 352.31625pt x 290.66466pt.
 [6 <D:/School Stuff/Lessen/TIN 2011-2012/Linux - Unix/Eindwerk/Eindwerk Linux 
(Handbrake)/Afbeeldingen/win1.png> <D:/School Stuff/Lessen/TIN 2011-2012/Linux 
- Unix/Eindwerk/Eindwerk Linux (Handbrake)/Afbeeldingen/mac1.png>]
Underfull \hbox (badness 10000) in paragraph at lines 72--73

 []

[7]) [8]
("D:\School Stuff\Lessen\TIN 2011-2012\Linux - Unix\Eindwerk\Eindwerk Linux (Ha
ndbrake)\Hoofdstukken\hfdst3.tex"
Overfull \hbox (2.57767pt too wide) in paragraph at lines 3--4
[] 
 []

Missing character: There is no Ã in font cmr12!
Missing character: There is no « in font cmr12!

Underfull \hbox (badness 10000) in paragraph at lines 23--24

 []

[9])
("D:\School Stuff\Lessen\TIN 2011-2012\Linux - Unix\Eindwerk\Eindwerk Linux (Ha
ndbrake)\Eindwerk handbrake - Patrick Delgado.bbl") [10]
("D:\School Stuff\Lessen\TIN 2011-2012\Linux - Unix\Eindwerk\Eindwerk Linux (Ha
ndbrake)\Hoofdstukken\Bijlage1.tex"
Underfull \hbox (badness 10000) in paragraph at lines 6--7

 []

<./Afbeeldingen/git1.png, id=51, 378.66469pt x 48.93282pt>
File: ./Afbeeldingen/git1.png Graphic file (type png)

<use ./Afbeeldingen/git1.png>
Package pdftex.def Info: ./Afbeeldingen/git1.png used on input line 9.
(pdftex.def)             Requested size: 328.82707pt x 42.49278pt.

Underfull \hbox (badness 10000) in paragraph at lines 8--10

 []


Underfull \hbox (badness 10000) in paragraph at lines 12--13

 []

<./Afbeeldingen/git2.png, id=52, 461.47406pt x 129.48375pt>
File: ./Afbeeldingen/git2.png Graphic file (type png)

<use ./Afbeeldingen/git2.png>
Package pdftex.def Info: ./Afbeeldingen/git2.png used on input line 15.
(pdftex.def)             Requested size: 328.82707pt x 92.26404pt.

Underfull \hbox (badness 10000) in paragraph at lines 14--16

 []


Underfull \hbox (badness 10000) in paragraph at lines 17--18

 []


Underfull \hbox (badness 10000) in paragraph at lines 19--20

 []

<./Afbeeldingen/git3.png, id=53, 482.55281pt x 105.39375pt>
File: ./Afbeeldingen/git3.png Graphic file (type png)

<use ./Afbeeldingen/git3.png>
Package pdftex.def Info: ./Afbeeldingen/git3.png used on input line 22.
(pdftex.def)             Requested size: 328.82707pt x 71.82117pt.

Underfull \hbox (badness 10000) in paragraph at lines 21--23

 []

<./Afbeeldingen/git4.png, id=54, 207.77625pt x 33.12375pt>
File: ./Afbeeldingen/git4.png Graphic file (type png)

<use ./Afbeeldingen/git4.png>
Package pdftex.def Info: ./Afbeeldingen/git4.png used on input line 25.
(pdftex.def)             Requested size: 234.8775pt x 37.44556pt.

Underfull \hbox (badness 10000) in paragraph at lines 24--26

 []

[11 <D:/School Stuff/Lessen/TIN 2011-2012/Linux - Unix/Eindwerk/Eindwerk Linux 
(Handbrake)/Afbeeldingen/git1.png> <D:/School Stuff/Lessen/TIN 2011-2012/Linux 
- Unix/Eindwerk/Eindwerk Linux (Handbrake)/Afbeeldingen/git2.png> <D:/School St
uff/Lessen/TIN 2011-2012/Linux - Unix/Eindwerk/Eindwerk Linux (Handbrake)/Afbee
ldingen/git3.png>]
LaTeX Font Info:    Try loading font information for OML+cmr on input line 27.
 ("C:\Program Files (x86)\MiKTeX 2.9\tex\latex\base\omlcmr.fd"
File: omlcmr.fd 1999/05/25 v2.5h Standard LaTeX font definitions
)
LaTeX Font Info:    Font shape `OML/cmr/m/n' in size <12> not available
(Font)              Font shape `OML/cmm/m/it' tried instead on input line 27.
 <./Afbeeldingen/git5.png, id=58, 328.22626pt x 53.44969pt>
File: ./Afbeeldingen/git5.png Graphic file (type png)

<use ./Afbeeldingen/git5.png>
Package pdftex.def Info: ./Afbeeldingen/git5.png used on input line 28.
(pdftex.def)             Requested size: 328.82707pt x 53.54822pt.

Underfull \hbox (badness 10000) in paragraph at lines 27--29

 []


Underfull \hbox (badness 10000) in paragraph at lines 30--31

 []

<./Afbeeldingen/git6.png, id=59, 392.21532pt x 19.57312pt>
File: ./Afbeeldingen/git6.png Graphic file (type png)

<use ./Afbeeldingen/git6.png>
Package pdftex.def Info: ./Afbeeldingen/git6.png used on input line 33.
(pdftex.def)             Requested size: 328.82707pt x 16.41083pt.

Underfull \hbox (badness 10000) in paragraph at lines 32--34

 []

<./Afbeeldingen/git7.png, id=60, 419.31656pt x 39.14626pt>
File: ./Afbeeldingen/git7.png Graphic file (type png)

<use ./Afbeeldingen/git7.png>
Package pdftex.def Info: ./Afbeeldingen/git7.png used on input line 36.
(pdftex.def)             Requested size: 469.75502pt x 43.85484pt.

Underfull \hbox (badness 10000) in paragraph at lines 35--37

 []

<./Afbeeldingen/git8.png, id=61, 296.60812pt x 106.14656pt>
File: ./Afbeeldingen/git8.png Graphic file (type png)

<use ./Afbeeldingen/git8.png>
Package pdftex.def Info: ./Afbeeldingen/git8.png used on input line 39.
(pdftex.def)             Requested size: 328.82707pt x 117.68153pt.

Underfull \hbox (badness 10000) in paragraph at lines 38--40

 []

<./Afbeeldingen/git9.png, id=62, 210.03468pt x 169.38281pt>
File: ./Afbeeldingen/git9.png Graphic file (type png)

<use ./Afbeeldingen/git9.png>
Package pdftex.def Info: ./Afbeeldingen/git9.png used on input line 42.
(pdftex.def)             Requested size: 234.8775pt x 189.41797pt.
 [12 <D:/School Stuff/Lessen/TIN 2011-2012/Linux - Unix/Eindwerk/Eindwerk Linux
 (Handbrake)/Afbeeldingen/git4.png> <D:/School Stuff/Lessen/TIN 2011-2012/Linux
 - Unix/Eindwerk/Eindwerk Linux (Handbrake)/Afbeeldingen/git5.png> <D:/School S
tuff/Lessen/TIN 2011-2012/Linux - Unix/Eindwerk/Eindwerk Linux (Handbrake)/Afbe
eldingen/git6.png> <D:/School Stuff/Lessen/TIN 2011-2012/Linux - Unix/Eindwerk/
Eindwerk Linux (Handbrake)/Afbeeldingen/git7.png> <D:/School Stuff/Lessen/TIN 2
011-2012/Linux - Unix/Eindwerk/Eindwerk Linux (Handbrake)/Afbeeldingen/git8.png
>] [13 <D:/School Stuff/Lessen/TIN 2011-2012/Linux - Unix/Eindwerk/Eindwerk Lin
ux (Handbrake)/Afbeeldingen/git9.png>])
("D:\School Stuff\Lessen\TIN 2011-2012\Linux - Unix\Eindwerk\Eindwerk Linux (Ha
ndbrake)\Hoofdstukken\Bijlage2.tex"
Underfull \hbox (badness 10000) in paragraph at lines 6--7

 []


Underfull \hbox (badness 10000) in paragraph at lines 8--9

 []


Underfull \hbox (badness 10000) in paragraph at lines 10--11

 []


Underfull \hbox (badness 10000) in paragraph at lines 12--13

 []

) [14]
("D:\School Stuff\Lessen\TIN 2011-2012\Linux - Unix\Eindwerk\Eindwerk Linux (Ha
ndbrake)\Eindwerk handbrake - Patrick Delgado.ind" [15


])

AED: lastpage setting LastPage

("D:\School Stuff\Lessen\TIN 2011-2012\Linux - Unix\Eindwerk\Eindwerk Linux (Ha
ndbrake)\Eindwerk handbrake - Patrick Delgado.aux") ) 
Here is how much of TeX's memory you used:
 2880 strings out of 494045
 42572 string characters out of 3145963
 104475 words of memory out of 3000000
 6089 multiletter control sequences out of 15000+200000
 9618 words of font info for 34 fonts, out of 3000000 for 9000
 715 hyphenation exceptions out of 8191
 29i,12n,43p,1013b,276s stack positions out of 5000i,500n,10000p,200000b,50000s
<C:/Program Files (x86)/Mi
KTeX 2.9/fonts/type1/public/amsfonts/cm/cmbx12.pfb><C:/Program Files (x86)/MiKT
eX 2.9/fonts/type1/public/amsfonts/cm/cmcsc10.pfb><C:/Program Files (x86)/MiKTe
X 2.9/fonts/type1/public/amsfonts/cm/cmmi12.pfb><C:/Program Files (x86)/MiKTeX 
2.9/fonts/type1/public/amsfonts/cm/cmr12.pfb><C:/Program Files (x86)/MiKTeX 2.9
/fonts/type1/public/amsfonts/cm/cmr17.pfb><C:/Program Files (x86)/MiKTeX 2.9/fo
nts/type1/public/amsfonts/cm/cmti12.pfb><C:/Program Files (x86)/MiKTeX 2.9/font
s/type1/public/amsfonts/cm/cmtt12.pfb>
Output written on "Eindwerk handbrake - Patrick Delgado.pdf" (16 pages, 710249 
bytes).
PDF statistics:
 100 PDF objects out of 1000 (max. 8388607)
 0 named destinations out of 1000 (max. 500000)
 76 words of extra memory for PDF output out of 10000 (max. 10000000)

